0 info it worked if it ends with ok
1 verbose cli [ '/usr/bin/node', '/usr/bin/npm', 'publish', '--force' ]
2 info using npm@3.10.8
3 info using node@v6.7.0
4 warn using --force I sure hope you know what you are doing.
5 verbose publish [ '.' ]
6 silly cache add args [ '.', null ]
7 verbose cache add spec .
8 silly cache add parsed spec Result {
8 silly cache add   raw: '.',
8 silly cache add   scope: null,
8 silly cache add   escapedName: null,
8 silly cache add   name: null,
8 silly cache add   rawSpec: '.',
8 silly cache add   spec: '/home/bastien/dev/Leaflet.ForbiddenArea',
8 silly cache add   type: 'directory' }
9 verbose addLocalDirectory /home/bastien/.npm/leaflet-forbiddenarea/0.0.4/package.tgz not in flight; packing
10 verbose correctMkdir /home/bastien/.npm correctMkdir not in flight; initializing
11 info lifecycle leaflet-forbiddenarea@0.0.4~prepublish: leaflet-forbiddenarea@0.0.4
12 silly lifecycle leaflet-forbiddenarea@0.0.4~prepublish: no script for prepublish, continuing
13 verbose tar pack [ '/home/bastien/.npm/leaflet-forbiddenarea/0.0.4/package.tgz',
13 verbose tar pack   '/home/bastien/dev/Leaflet.ForbiddenArea' ]
14 verbose tarball /home/bastien/.npm/leaflet-forbiddenarea/0.0.4/package.tgz
15 verbose folder /home/bastien/dev/Leaflet.ForbiddenArea
16 verbose addLocalTarball adding from inside cache /home/bastien/.npm/leaflet-forbiddenarea/0.0.4/package.tgz
17 verbose correctMkdir /home/bastien/.npm correctMkdir not in flight; initializing
18 silly cache afterAdd leaflet-forbiddenarea@0.0.4
19 verbose afterAdd /home/bastien/.npm/leaflet-forbiddenarea/0.0.4/package/package.json not in flight; writing
20 verbose correctMkdir /home/bastien/.npm correctMkdir not in flight; initializing
21 verbose afterAdd /home/bastien/.npm/leaflet-forbiddenarea/0.0.4/package/package.json written
22 silly publish { name: 'leaflet-forbiddenarea',
22 silly publish   version: '0.0.4',
22 silly publish   description: 'Prohibit the placement of markers if they are too close to another layer',
22 silly publish   keywords: [ 'Leaflet', 'GIS' ],
22 silly publish   main: 'leaflet.forbiddenarea.js',
22 silly publish   bugs: { url: 'https://github.com/makinacorpus/Leaflet.ForbiddenArea/issues' },
22 silly publish   scripts: { test: 'mocha-phantomjs ./test/index.html --reporter list || true' },
22 silly publish   repository:
22 silly publish    { type: 'git',
22 silly publish      url: 'git+https://github.com/makinacorpus/Leaflet.ForbiddenArea.git' },
22 silly publish   license: 'MIT',
22 silly publish   dependencies:
22 silly publish    { leaflet: '^0.7.7',
22 silly publish      'leaflet-geometryutil': '*',
22 silly publish      'leaflet-draw': '^0.3.2' },
22 silly publish   optionalDependencies: { 'leaflet-draw': '^0.3.2' },
22 silly publish   devDependencies:
22 silly publish    { chai: '^3.5.0',
22 silly publish      mocha: '^3.0.2',
22 silly publish      happen: '^0.3.1',
22 silly publish      'mocha-phantomjs': '^4.1.0',
22 silly publish      sinon: '^1.17.5' },
22 silly publish   readme: 'Leaflet.ForbiddenArea.js\n============\n\nAdd new marker type (ForbiddenArea) to leaflet.Draw Toolbar.\n\nProhibit the placement of its markers if they are too close to another layer.\n\nCheck out the [demo](https://makinacorpus.github.io/Leaflet.ForbiddenArea/) !\n\n\nIt depends on [Leaflet.GeometryUtil](https://github.com/makinacorpus/Leaflet.GeometryUtil).\n\nFor creation and edition, it also depends on [Leaflet.draw](https://github.com/Leaflet/Leaflet.draw).\n\nInstall\n-----\nIn order to use this plugin in your app you can either:\n* install it via your favorite package manager:\n    * `npm i leaflet-forbiddenarea`\n    * `bower install git@github.com:makinacorpus/Leaflet.ForbiddenArea.git`\n* download the repository and import the `leaflet.forbiddenarea.js` file in your app.\n\nUsage\n-----\n\n* Add ``leaflet.forbiddenarea.js`` and ``leaflet.geometryutil.js`` and ``leaflet.draw.js``\n\n### For markers :\n\n```javascript\n\n        var editableMarkers = new L.FeatureGroup();\n        var osm = L.tileLayer(\'//{s}.tile.openstreetmap.org/{z}/{x}/{y}.png\', {\n            attribution: \'Map data &copy; 2013 OpenStreetMap contributors\',\n        });\n        var map = L.map(\'map\')\n            .setView([48.49, 1.4], 16)\n            .addLayer(osm);\n        var marker = L.marker([48.488, 1.395]).addTo(map);\n        editableMarkers.addLayer(marker);\n        map.addLayer(editableMarkers);\n        \n        var forbiddenIcon = L.icon({\n                      iconUrl: \'./marker-forbidden.png\',\n                      iconSize: [28, 42],\n                      iconAnchor: [14, 42],\n                      className: \'marker-forbidden\',\n                    });\n        var options = {\n            position: \'topright\',\n            draw: {\n                polyline: false,\n                polygon: false,\n                circle: false,\n                rectangle: false,\n                marker: true,\n                forbiddenAreaMarker: {\n                    guideLayers: editableMarkers,\n                    distanceForbiddenArea: 300,\n                    msgForbidden: \'Other marker are too close !\',\n                    forbiddenIcon: forbiddenIcon,\n                    icon : new L.Icon.Default()\n                },\n            },\n            edit: {\n                featureGroup: editableMarkers,\n                remove: false\n            }\n        };\n        var drawControl = new L.Control.Draw(options);\n        map.addControl(drawControl);\n        map.on(\'draw:created\', function(e) {\n            var layer = e.layer;\n            map.addLayer(layer);\n            editableMarkers.addLayer(layer);\n        });\n\n```\n### 0.0.4\n\n* can change marker title\n\n### 0.0.3\n\n* prohibit the placement of a marker if it is too close to another.ex\n\nTODO\n----\n\n* Keep default icon marker for forbidden marker type, but can be cool if we can choose an other if we want (toolbar)\n* Show forbidden zone around layer\nAuthors\n-------\n\n* Bastien Alvez\n\n[![Makina Corpus](http://depot.makina-corpus.org/public/logo.gif)](http://makinacorpus.com)\n',
22 silly publish   readmeFilename: 'README.md',
22 silly publish   gitHead: '6b24e7d426603f4513f5b429a810022366bc5524',
22 silly publish   homepage: 'https://github.com/makinacorpus/Leaflet.ForbiddenArea#readme',
22 silly publish   _id: 'leaflet-forbiddenarea@0.0.4',
22 silly publish   _shasum: 'd86482ae7ebbb40151d4d886ab9bc50a27ef358b',
22 silly publish   _from: '.' }
23 verbose getPublishConfig undefined
24 silly mapToRegistry name leaflet-forbiddenarea
25 silly mapToRegistry using default registry
26 silly mapToRegistry registry https://registry.npmjs.org/
27 silly mapToRegistry data Result {
27 silly mapToRegistry   raw: 'leaflet-forbiddenarea',
27 silly mapToRegistry   scope: null,
27 silly mapToRegistry   escapedName: 'leaflet-forbiddenarea',
27 silly mapToRegistry   name: 'leaflet-forbiddenarea',
27 silly mapToRegistry   rawSpec: '',
27 silly mapToRegistry   spec: 'latest',
27 silly mapToRegistry   type: 'tag' }
28 silly mapToRegistry uri https://registry.npmjs.org/leaflet-forbiddenarea
29 verbose publish registryBase https://registry.npmjs.org/
30 silly publish uploading /home/bastien/.npm/leaflet-forbiddenarea/0.0.4/package.tgz
31 verbose request uri https://registry.npmjs.org/leaflet-forbiddenarea
32 verbose request sending authorization for write operation
33 info attempt registry request try #1 at 10:42:43 AM
34 verbose request using bearer token for auth
35 verbose request id 9ab5dcee25b87fd4
36 http request PUT https://registry.npmjs.org/leaflet-forbiddenarea
37 http 403 https://registry.npmjs.org/leaflet-forbiddenarea
38 verbose headers { 'content-type': 'application/json',
38 verbose headers   'cache-control': 'max-age=300',
38 verbose headers   'content-length': '95',
38 verbose headers   'accept-ranges': 'bytes',
38 verbose headers   date: 'Fri, 07 Oct 2016 08:42:45 GMT',
38 verbose headers   via: '1.1 varnish',
38 verbose headers   connection: 'keep-alive',
38 verbose headers   'x-served-by': 'cache-cdg8729-CDG',
38 verbose headers   'x-cache': 'MISS',
38 verbose headers   'x-cache-hits': '0',
38 verbose headers   'x-timer': 'S1475829764.786609,VS0,VE1004',
38 verbose headers   vary: 'Accept-Encoding' }
39 verbose request invalidating /home/bastien/.npm/registry.npmjs.org/leaflet-forbiddenarea on PUT
40 error publish Failed PUT 403
41 verbose stack Error: "You cannot publish over the previously published version 0.0.4." : leaflet-forbiddenarea
41 verbose stack     at makeError (/usr/lib/node_modules/npm/node_modules/npm-registry-client/lib/request.js:302:12)
41 verbose stack     at CachingRegistryClient.<anonymous> (/usr/lib/node_modules/npm/node_modules/npm-registry-client/lib/request.js:290:14)
41 verbose stack     at Request._callback (/usr/lib/node_modules/npm/node_modules/npm-registry-client/lib/request.js:210:14)
41 verbose stack     at Request.self.callback (/usr/lib/node_modules/npm/node_modules/request/request.js:187:22)
41 verbose stack     at emitTwo (events.js:106:13)
41 verbose stack     at Request.emit (events.js:191:7)
41 verbose stack     at Request.<anonymous> (/usr/lib/node_modules/npm/node_modules/request/request.js:1044:10)
41 verbose stack     at emitOne (events.js:96:13)
41 verbose stack     at Request.emit (events.js:188:7)
41 verbose stack     at IncomingMessage.<anonymous> (/usr/lib/node_modules/npm/node_modules/request/request.js:965:12)
42 verbose statusCode 403
43 verbose pkgid leaflet-forbiddenarea
44 verbose cwd /home/bastien/dev/Leaflet.ForbiddenArea
45 error Linux 4.7.6-1-ARCH
46 error argv "/usr/bin/node" "/usr/bin/npm" "publish" "--force"
47 error node v6.7.0
48 error npm  v3.10.8
49 error code E403
50 error "You cannot publish over the previously published version 0.0.4." : leaflet-forbiddenarea
51 error If you need help, you may report this error at:
51 error     <https://github.com/npm/npm/issues>
52 verbose exit [ 1, true ]
